[0.155s] DEBUG:colcon:Command line arguments: ['/usr/bin/colcon', 'list', '-p', '--base-paths', '/home/giri/hexrov']
[0.155s] DEBUG:colcon:Parsed command line arguments: Namespace(log_base=None, log_level=None, verb_name='list', build_base='build', ignore_user_meta=False, metas=['./colcon.meta'], base_paths=['/home/giri/hexrov'], packages_ignore=None, packages_ignore_regex=None, paths=None, packages_up_to=None, packages_up_to_regex=None, packages_above=None, packages_above_and_dependencies=None, packages_above_depth=None, packages_select_by_dep=None, packages_skip_by_dep=None, packages_skip_up_to=None, packages_select_build_failed=False, packages_skip_build_finished=False, packages_select_test_failures=False, packages_skip_test_passed=False, packages_select=None, packages_skip=None, packages_select_regex=None, packages_skip_regex=None, packages_start=None, packages_end=None, allow_overriding=[], topological_order=False, names_only=False, paths_only=True, topological_graph=False, topological_graph_dot=False, topological_graph_density=False, topological_graph_legend=False, topological_graph_dot_cluster=False, topological_graph_dot_include_skipped=False, verb_parser=<colcon_defaults.argument_parser.defaults.DefaultArgumentsDecorator object at 0x7987a4c29900>, verb_extension=<colcon_package_information.verb.list.ListVerb object at 0x7987a4c28910>, main=<bound method ListVerb.main of <colcon_package_information.verb.list.ListVerb object at 0x7987a4c28910>>)
[0.434s] Level 1:colcon.colcon_core.package_discovery:discover_packages(colcon_meta) check parameters
[0.434s] Level 1:colcon.colcon_core.package_discovery:discover_packages(recursive) check parameters
[0.435s] Level 1:colcon.colcon_core.package_discovery:discover_packages(ignore) check parameters
[0.435s] Level 1:colcon.colcon_core.package_discovery:discover_packages(path) check parameters
[0.435s] Level 1:colcon.colcon_core.package_discovery:discover_packages(recursive) discover
[0.435s] INFO:colcon.colcon_core.package_discovery:Crawling recursively for packages in '/home/giri/hexrov'
[0.435s] Level 1:colcon.colcon_core.package_identification:_identify(/home/giri/hexrov) by extensions ['ignore', 'ignore_ament_install']
[0.435s] Level 1:colcon.colcon_core.package_identification:_identify(/home/giri/hexrov) by extension 'ignore'
[0.435s] Level 1:colcon.colcon_core.package_identification:_identify(/home/giri/hexrov) by extension 'ignore_ament_install'
[0.435s] Level 1:colcon.colcon_core.package_identification:_identify(/home/giri/hexrov) by extensions ['colcon_pkg']
[0.435s] Level 1:colcon.colcon_core.package_identification:_identify(/home/giri/hexrov) by extension 'colcon_pkg'
[0.435s] Level 1:colcon.colcon_core.package_identification:_identify(/home/giri/hexrov) by extensions ['colcon_meta']
[0.435s] Level 1:colcon.colcon_core.package_identification:_identify(/home/giri/hexrov) by extension 'colcon_meta'
[0.435s] Level 1:colcon.colcon_core.package_identification:_identify(/home/giri/hexrov) by extensions ['ros']
[0.436s] Level 1:colcon.colcon_core.package_identification:_identify(/home/giri/hexrov) by extension 'ros'
[0.452s] Level 1:colcon.colcon_core.package_identification:_identify(/home/giri/hexrov) by extensions ['cmake', 'python']
[0.452s] Level 1:colcon.colcon_core.package_identification:_identify(/home/giri/hexrov) by extension 'cmake'
[0.452s] Level 1:colcon.colcon_core.package_identification:_identify(/home/giri/hexrov) by extension 'python'
[0.452s] Level 1:colcon.colcon_core.package_identification:_identify(/home/giri/hexrov) by extensions ['python_setup_py']
[0.452s] Level 1:colcon.colcon_core.package_identification:_identify(/home/giri/hexrov) by extension 'python_setup_py'
[0.452s] Level 1:colcon.colcon_core.package_identification:_identify(/home/giri/hexrov/build) by extensions ['ignore', 'ignore_ament_install']
[0.452s] Level 1:colcon.colcon_core.package_identification:_identify(/home/giri/hexrov/build) by extension 'ignore'
[0.452s] Level 1:colcon.colcon_core.package_identification:_identify(/home/giri/hexrov/build) ignored
[0.452s] Level 1:colcon.colcon_core.package_identification:_identify(/home/giri/hexrov/install) by extensions ['ignore', 'ignore_ament_install']
[0.452s] Level 1:colcon.colcon_core.package_identification:_identify(/home/giri/hexrov/install) by extension 'ignore'
[0.453s] Level 1:colcon.colcon_core.package_identification:_identify(/home/giri/hexrov/install) ignored
[0.453s] Level 1:colcon.colcon_core.package_identification:_identify(/home/giri/hexrov/log) by extensions ['ignore', 'ignore_ament_install']
[0.453s] Level 1:colcon.colcon_core.package_identification:_identify(/home/giri/hexrov/log) by extension 'ignore'
[0.453s] Level 1:colcon.colcon_core.package_identification:_identify(/home/giri/hexrov/log) ignored
[0.453s] Level 1:colcon.colcon_core.package_identification:_identify(/home/giri/hexrov/src) by extensions ['ignore', 'ignore_ament_install']
[0.453s] Level 1:colcon.colcon_core.package_identification:_identify(/home/giri/hexrov/src) by extension 'ignore'
[0.453s] Level 1:colcon.colcon_core.package_identification:_identify(/home/giri/hexrov/src) by extension 'ignore_ament_install'
[0.453s] Level 1:colcon.colcon_core.package_identification:_identify(/home/giri/hexrov/src) by extensions ['colcon_pkg']
[0.453s] Level 1:colcon.colcon_core.package_identification:_identify(/home/giri/hexrov/src) by extension 'colcon_pkg'
[0.453s] Level 1:colcon.colcon_core.package_identification:_identify(/home/giri/hexrov/src) by extensions ['colcon_meta']
[0.453s] Level 1:colcon.colcon_core.package_identification:_identify(/home/giri/hexrov/src) by extension 'colcon_meta'
[0.453s] Level 1:colcon.colcon_core.package_identification:_identify(/home/giri/hexrov/src) by extensions ['ros']
[0.454s] Level 1:colcon.colcon_core.package_identification:_identify(/home/giri/hexrov/src) by extension 'ros'
[0.454s] Level 1:colcon.colcon_core.package_identification:_identify(/home/giri/hexrov/src) by extensions ['cmake', 'python']
[0.454s] Level 1:colcon.colcon_core.package_identification:_identify(/home/giri/hexrov/src) by extension 'cmake'
[0.454s] Level 1:colcon.colcon_core.package_identification:_identify(/home/giri/hexrov/src) by extension 'python'
[0.454s] Level 1:colcon.colcon_core.package_identification:_identify(/home/giri/hexrov/src) by extensions ['python_setup_py']
[0.454s] Level 1:colcon.colcon_core.package_identification:_identify(/home/giri/hexrov/src) by extension 'python_setup_py'
[0.454s] Level 1:colcon.colcon_core.package_identification:_identify(/home/giri/hexrov/src/hexrov_description) by extensions ['ignore', 'ignore_ament_install']
[0.454s] Level 1:colcon.colcon_core.package_identification:_identify(/home/giri/hexrov/src/hexrov_description) by extension 'ignore'
[0.454s] Level 1:colcon.colcon_core.package_identification:_identify(/home/giri/hexrov/src/hexrov_description) by extension 'ignore_ament_install'
[0.454s] Level 1:colcon.colcon_core.package_identification:_identify(/home/giri/hexrov/src/hexrov_description) by extensions ['colcon_pkg']
[0.454s] Level 1:colcon.colcon_core.package_identification:_identify(/home/giri/hexrov/src/hexrov_description) by extension 'colcon_pkg'
[0.454s] Level 1:colcon.colcon_core.package_identification:_identify(/home/giri/hexrov/src/hexrov_description) by extensions ['colcon_meta']
[0.454s] Level 1:colcon.colcon_core.package_identification:_identify(/home/giri/hexrov/src/hexrov_description) by extension 'colcon_meta'
[0.454s] Level 1:colcon.colcon_core.package_identification:_identify(/home/giri/hexrov/src/hexrov_description) by extensions ['ros']
[0.454s] Level 1:colcon.colcon_core.package_identification:_identify(/home/giri/hexrov/src/hexrov_description) by extension 'ros'
[0.458s] DEBUG:colcon.colcon_core.package_identification:Package '/home/giri/hexrov/src/hexrov_description' with type 'ros.ament_cmake' and name 'hexrov_description'
[0.458s] Level 1:colcon.colcon_core.package_discovery:discover_packages(recursive) using defaults
