-- Install configuration: ""
-- Up-to-date: /home/giri/hexrov/install/hexrov_description/share/hexrov_description//urdf
-- Up-to-date: /home/giri/hexrov/install/hexrov_description/share/hexrov_description//urdf/base.xacro
-- Up-to-date: /home/giri/hexrov/install/hexrov_description/share/hexrov_description//urdf/hexrov.urdf.xacro
-- Up-to-date: /home/giri/hexrov/install/hexrov_description/share/hexrov_description//urdf/common_properties.xacro
-- Up-to-date: /home/giri/hexrov/install/hexrov_description/share/ament_index/resource_index/package_run_dependencies/hexrov_description
-- Up-to-date: /home/giri/hexrov/install/hexrov_description/share/ament_index/resource_index/parent_prefix_path/hexrov_description
-- Up-to-date: /home/giri/hexrov/install/hexrov_description/share/hexrov_description/environment/ament_prefix_path.sh
-- Up-to-date: /home/giri/hexrov/install/hexrov_description/share/hexrov_description/environment/ament_prefix_path.dsv
-- Up-to-date: /home/giri/hexrov/install/hexrov_description/share/hexrov_description/environment/path.sh
-- Up-to-date: /home/giri/hexrov/install/hexrov_description/share/hexrov_description/environment/path.dsv
-- Up-to-date: /home/giri/hexrov/install/hexrov_description/share/hexrov_description/local_setup.bash
-- Up-to-date: /home/giri/hexrov/install/hexrov_description/share/hexrov_description/local_setup.sh
-- Up-to-date: /home/giri/hexrov/install/hexrov_description/share/hexrov_description/local_setup.zsh
-- Up-to-date: /home/giri/hexrov/install/hexrov_description/share/hexrov_description/local_setup.dsv
-- Installing: /home/giri/hexrov/install/hexrov_description/share/hexrov_description/package.dsv
-- Up-to-date: /home/giri/hexrov/install/hexrov_description/share/ament_index/resource_index/packages/hexrov_description
-- Up-to-date: /home/giri/hexrov/install/hexrov_description/share/hexrov_description/cmake/hexrov_descriptionConfig.cmake
-- Up-to-date: /home/giri/hexrov/install/hexrov_description/share/hexrov_description/cmake/hexrov_descriptionConfig-version.cmake
-- Up-to-date: /home/giri/hexrov/install/hexrov_description/share/hexrov_description/package.xml
