[0.033s] Invoking command in '/home/giri/hexrov/build/hexrov_description': CMAKE_PREFIX_PATH=${CMAKE_PREFIX_PATH}:/home/giri/ws_moveit2/install/moveit_configs_utils:/home/giri/ws_moveit2/install/launch_param_builder:/home/giri/ros2_ws/install/trial:/home/giri/ros2_ws/install/my_py_pkg:/opt/ros/humble /usr/bin/cmake --build /home/giri/hexrov/build/hexrov_description -- -j12 -l12
[0.103s] -- Found ament_cmake: 1.3.10 (/opt/ros/humble/share/ament_cmake/cmake)
[0.407s] -- Configuring done
[0.412s] -- Generating done
[0.414s] -- Build files have been written to: /home/giri/hexrov/build/hexrov_description
[0.462s] Invoked command in '/home/giri/hexrov/build/hexrov_description' returned '0': CMAKE_PREFIX_PATH=${CMAKE_PREFIX_PATH}:/home/giri/ws_moveit2/install/moveit_configs_utils:/home/giri/ws_moveit2/install/launch_param_builder:/home/giri/ros2_ws/install/trial:/home/giri/ros2_ws/install/my_py_pkg:/opt/ros/humble /usr/bin/cmake --build /home/giri/hexrov/build/hexrov_description -- -j12 -l12
[0.535s] Invoking command in '/home/giri/hexrov/build/hexrov_description': CMAKE_PREFIX_PATH=${CMAKE_PREFIX_PATH}:/home/giri/ws_moveit2/install/moveit_configs_utils:/home/giri/ws_moveit2/install/launch_param_builder:/home/giri/ros2_ws/install/trial:/home/giri/ros2_ws/install/my_py_pkg:/opt/ros/humble /usr/bin/cmake --install /home/giri/hexrov/build/hexrov_description
[0.553s] -- Install configuration: ""
[0.554s] -- Up-to-date: /home/giri/hexrov/install/hexrov_description/share/hexrov_description//urdf
[0.554s] -- Installing: /home/giri/hexrov/install/hexrov_description/share/hexrov_description//urdf/base.xacro
[0.554s] -- Up-to-date: /home/giri/hexrov/install/hexrov_description/share/hexrov_description//urdf/hexrov.urdf.xacro
[0.554s] -- Up-to-date: /home/giri/hexrov/install/hexrov_description/share/hexrov_description//urdf/common_properties.xacro
[0.554s] -- Installing: /home/giri/hexrov/install/hexrov_description/share/ament_index/resource_index/package_run_dependencies/hexrov_description
[0.554s] -- Installing: /home/giri/hexrov/install/hexrov_description/share/ament_index/resource_index/parent_prefix_path/hexrov_description
[0.555s] -- Up-to-date: /home/giri/hexrov/install/hexrov_description/share/hexrov_description/environment/ament_prefix_path.sh
[0.555s] -- Installing: /home/giri/hexrov/install/hexrov_description/share/hexrov_description/environment/ament_prefix_path.dsv
[0.555s] -- Up-to-date: /home/giri/hexrov/install/hexrov_description/share/hexrov_description/environment/path.sh
[0.555s] -- Installing: /home/giri/hexrov/install/hexrov_description/share/hexrov_description/environment/path.dsv
[0.555s] -- Up-to-date: /home/giri/hexrov/install/hexrov_description/share/hexrov_description/local_setup.bash
[0.555s] -- Up-to-date: /home/giri/hexrov/install/hexrov_description/share/hexrov_description/local_setup.sh
[0.555s] -- Up-to-date: /home/giri/hexrov/install/hexrov_description/share/hexrov_description/local_setup.zsh
[0.556s] -- Installing: /home/giri/hexrov/install/hexrov_description/share/hexrov_description/local_setup.dsv
[0.556s] -- Installing: /home/giri/hexrov/install/hexrov_description/share/hexrov_description/package.dsv
[0.556s] -- Up-to-date: /home/giri/hexrov/install/hexrov_description/share/ament_index/resource_index/packages/hexrov_description
[0.556s] -- Up-to-date: /home/giri/hexrov/install/hexrov_description/share/hexrov_description/cmake/hexrov_descriptionConfig.cmake
[0.556s] -- Up-to-date: /home/giri/hexrov/install/hexrov_description/share/hexrov_description/cmake/hexrov_descriptionConfig-version.cmake
[0.556s] -- Installing: /home/giri/hexrov/install/hexrov_description/share/hexrov_description/package.xml
[0.560s] Invoked command in '/home/giri/hexrov/build/hexrov_description' returned '0': CMAKE_PREFIX_PATH=${CMAKE_PREFIX_PATH}:/home/giri/ws_moveit2/install/moveit_configs_utils:/home/giri/ws_moveit2/install/launch_param_builder:/home/giri/ros2_ws/install/trial:/home/giri/ros2_ws/install/my_py_pkg:/opt/ros/humble /usr/bin/cmake --install /home/giri/hexrov/build/hexrov_description
