[0.046s] Invoking command in '/home/giri/hexrov/build/hexrov_bringup': CMAKE_PREFIX_PATH=${CMAKE_PREFIX_PATH}:/home/giri/ws_moveit2/install/moveit_configs_utils:/home/giri/ws_moveit2/install/launch_param_builder:/home/giri/ros2_ws/install/trial:/home/giri/ros2_ws/install/my_py_pkg:/opt/ros/humble /usr/bin/cmake --build /home/giri/hexrov/build/hexrov_bringup -- -j12 -l12
[0.152s] Invoked command in '/home/giri/hexrov/build/hexrov_bringup' returned '0': CMAKE_PREFIX_PATH=${CMAKE_PREFIX_PATH}:/home/giri/ws_moveit2/install/moveit_configs_utils:/home/giri/ws_moveit2/install/launch_param_builder:/home/giri/ros2_ws/install/trial:/home/giri/ros2_ws/install/my_py_pkg:/opt/ros/humble /usr/bin/cmake --build /home/giri/hexrov/build/hexrov_bringup -- -j12 -l12
[0.264s] Invoking command in '/home/giri/hexrov/build/hexrov_bringup': CMAKE_PREFIX_PATH=${CMAKE_PREFIX_PATH}:/home/giri/ws_moveit2/install/moveit_configs_utils:/home/giri/ws_moveit2/install/launch_param_builder:/home/giri/ros2_ws/install/trial:/home/giri/ros2_ws/install/my_py_pkg:/opt/ros/humble /usr/bin/cmake --install /home/giri/hexrov/build/hexrov_bringup
[0.288s] -- Install configuration: ""
[0.288s] -- Up-to-date: /home/giri/hexrov/install/hexrov_bringup/share/ament_index/resource_index/package_run_dependencies/hexrov_bringup
[0.288s] -- Up-to-date: /home/giri/hexrov/install/hexrov_bringup/share/ament_index/resource_index/parent_prefix_path/hexrov_bringup
[0.288s] -- Up-to-date: /home/giri/hexrov/install/hexrov_bringup/share/hexrov_bringup/environment/ament_prefix_path.sh
[0.288s] -- Up-to-date: /home/giri/hexrov/install/hexrov_bringup/share/hexrov_bringup/environment/ament_prefix_path.dsv
[0.289s] -- Up-to-date: /home/giri/hexrov/install/hexrov_bringup/share/hexrov_bringup/environment/path.sh
[0.289s] -- Up-to-date: /home/giri/hexrov/install/hexrov_bringup/share/hexrov_bringup/environment/path.dsv
[0.289s] -- Up-to-date: /home/giri/hexrov/install/hexrov_bringup/share/hexrov_bringup/local_setup.bash
[0.289s] -- Up-to-date: /home/giri/hexrov/install/hexrov_bringup/share/hexrov_bringup/local_setup.sh
[0.289s] -- Up-to-date: /home/giri/hexrov/install/hexrov_bringup/share/hexrov_bringup/local_setup.zsh
[0.289s] -- Up-to-date: /home/giri/hexrov/install/hexrov_bringup/share/hexrov_bringup/local_setup.dsv
[0.289s] -- Up-to-date: /home/giri/hexrov/install/hexrov_bringup/share/hexrov_bringup/package.dsv
[0.289s] -- Up-to-date: /home/giri/hexrov/install/hexrov_bringup/share/ament_index/resource_index/packages/hexrov_bringup
[0.289s] -- Up-to-date: /home/giri/hexrov/install/hexrov_bringup/share/hexrov_bringup/cmake/hexrov_bringupConfig.cmake
[0.289s] -- Up-to-date: /home/giri/hexrov/install/hexrov_bringup/share/hexrov_bringup/cmake/hexrov_bringupConfig-version.cmake
[0.289s] -- Up-to-date: /home/giri/hexrov/install/hexrov_bringup/share/hexrov_bringup/package.xml
[0.322s] Invoked command in '/home/giri/hexrov/build/hexrov_bringup' returned '0': CMAKE_PREFIX_PATH=${CMAKE_PREFIX_PATH}:/home/giri/ws_moveit2/install/moveit_configs_utils:/home/giri/ws_moveit2/install/launch_param_builder:/home/giri/ros2_ws/install/trial:/home/giri/ros2_ws/install/my_py_pkg:/opt/ros/humble /usr/bin/cmake --install /home/giri/hexrov/build/hexrov_bringup
