[0.044s] Invoking command in '/home/giri/hexrov/build/hexrov_bringup': CMAKE_PREFIX_PATH=${CMAKE_PREFIX_PATH}:/home/giri/ws_moveit2/install/moveit_configs_utils:/home/giri/ws_moveit2/install/launch_param_builder:/home/giri/ros2_ws/install/trial:/home/giri/ros2_ws/install/my_py_pkg:/opt/ros/humble /usr/bin/cmake /home/giri/hexrov/src/hexrov_bringup -DCMAKE_INSTALL_PREFIX=/home/giri/hexrov/install/hexrov_bringup
[0.233s] -- The C compiler identification is GNU 11.4.0
[0.369s] -- The CXX compiler identification is GNU 11.4.0
[0.384s] -- Detecting C compiler ABI info
[0.554s] -- Detecting C compiler ABI info - done
[0.564s] -- Check for working C compiler: /usr/bin/cc - skipped
[0.564s] -- Detecting C compile features
[0.565s] -- Detecting C compile features - done
[0.570s] -- Detecting CXX compiler ABI info
[0.750s] -- Detecting CXX compiler ABI info - done
[0.760s] -- Check for working CXX compiler: /usr/bin/c++ - skipped
[0.760s] -- Detecting CXX compile features
[0.761s] -- Detecting CXX compile features - done
[0.799s] -- Found ament_cmake: 1.3.10 (/opt/ros/humble/share/ament_cmake/cmake)
[1.065s] -- Found Python3: /usr/bin/python3 (found version "3.10.12") found components: Interpreter 
[1.344s] -- Found ament_lint_auto: 0.12.11 (/opt/ros/humble/share/ament_lint_auto/cmake)
[1.533s] -- Added test 'lint_cmake' to check CMake code style
[1.537s] -- Added test 'xmllint' to check XML markup files
[1.542s] -- Configuring done
[1.546s] -- Generating done
[1.548s] -- Build files have been written to: /home/giri/hexrov/build/hexrov_bringup
[1.554s] Invoked command in '/home/giri/hexrov/build/hexrov_bringup' returned '0': CMAKE_PREFIX_PATH=${CMAKE_PREFIX_PATH}:/home/giri/ws_moveit2/install/moveit_configs_utils:/home/giri/ws_moveit2/install/launch_param_builder:/home/giri/ros2_ws/install/trial:/home/giri/ros2_ws/install/my_py_pkg:/opt/ros/humble /usr/bin/cmake /home/giri/hexrov/src/hexrov_bringup -DCMAKE_INSTALL_PREFIX=/home/giri/hexrov/install/hexrov_bringup
[1.556s] Invoking command in '/home/giri/hexrov/build/hexrov_bringup': CMAKE_PREFIX_PATH=${CMAKE_PREFIX_PATH}:/home/giri/ws_moveit2/install/moveit_configs_utils:/home/giri/ws_moveit2/install/launch_param_builder:/home/giri/ros2_ws/install/trial:/home/giri/ros2_ws/install/my_py_pkg:/opt/ros/humble /usr/bin/cmake --build /home/giri/hexrov/build/hexrov_bringup -- -j12 -l12
[1.649s] Invoked command in '/home/giri/hexrov/build/hexrov_bringup' returned '0': CMAKE_PREFIX_PATH=${CMAKE_PREFIX_PATH}:/home/giri/ws_moveit2/install/moveit_configs_utils:/home/giri/ws_moveit2/install/launch_param_builder:/home/giri/ros2_ws/install/trial:/home/giri/ros2_ws/install/my_py_pkg:/opt/ros/humble /usr/bin/cmake --build /home/giri/hexrov/build/hexrov_bringup -- -j12 -l12
[1.737s] Invoking command in '/home/giri/hexrov/build/hexrov_bringup': CMAKE_PREFIX_PATH=${CMAKE_PREFIX_PATH}:/home/giri/ws_moveit2/install/moveit_configs_utils:/home/giri/ws_moveit2/install/launch_param_builder:/home/giri/ros2_ws/install/trial:/home/giri/ros2_ws/install/my_py_pkg:/opt/ros/humble /usr/bin/cmake --install /home/giri/hexrov/build/hexrov_bringup
[1.754s] -- Install configuration: ""
[1.754s] -- Installing: /home/giri/hexrov/install/hexrov_bringup/share/ament_index/resource_index/package_run_dependencies/hexrov_bringup
[1.754s] -- Installing: /home/giri/hexrov/install/hexrov_bringup/share/ament_index/resource_index/parent_prefix_path/hexrov_bringup
[1.755s] -- Installing: /home/giri/hexrov/install/hexrov_bringup/share/hexrov_bringup/environment/ament_prefix_path.sh
[1.755s] -- Installing: /home/giri/hexrov/install/hexrov_bringup/share/hexrov_bringup/environment/ament_prefix_path.dsv
[1.755s] -- Installing: /home/giri/hexrov/install/hexrov_bringup/share/hexrov_bringup/environment/path.sh
[1.755s] -- Installing: /home/giri/hexrov/install/hexrov_bringup/share/hexrov_bringup/environment/path.dsv
[1.756s] -- Installing: /home/giri/hexrov/install/hexrov_bringup/share/hexrov_bringup/local_setup.bash
[1.756s] -- Installing: /home/giri/hexrov/install/hexrov_bringup/share/hexrov_bringup/local_setup.sh
[1.756s] -- Installing: /home/giri/hexrov/install/hexrov_bringup/share/hexrov_bringup/local_setup.zsh
[1.756s] -- Installing: /home/giri/hexrov/install/hexrov_bringup/share/hexrov_bringup/local_setup.dsv
[1.757s] -- Installing: /home/giri/hexrov/install/hexrov_bringup/share/hexrov_bringup/package.dsv
[1.757s] -- Installing: /home/giri/hexrov/install/hexrov_bringup/share/ament_index/resource_index/packages/hexrov_bringup
[1.757s] -- Installing: /home/giri/hexrov/install/hexrov_bringup/share/hexrov_bringup/cmake/hexrov_bringupConfig.cmake
[1.757s] -- Installing: /home/giri/hexrov/install/hexrov_bringup/share/hexrov_bringup/cmake/hexrov_bringupConfig-version.cmake
[1.757s] -- Installing: /home/giri/hexrov/install/hexrov_bringup/share/hexrov_bringup/package.xml
[1.762s] Invoked command in '/home/giri/hexrov/build/hexrov_bringup' returned '0': CMAKE_PREFIX_PATH=${CMAKE_PREFIX_PATH}:/home/giri/ws_moveit2/install/moveit_configs_utils:/home/giri/ws_moveit2/install/launch_param_builder:/home/giri/ros2_ws/install/trial:/home/giri/ros2_ws/install/my_py_pkg:/opt/ros/humble /usr/bin/cmake --install /home/giri/hexrov/build/hexrov_bringup
