[0.026s] Invoking command in '/home/giri/hexrov/build/hexrov_firmware': CMAKE_PREFIX_PATH=${CMAKE_PREFIX_PATH}:/home/giri/ws_moveit2/install/moveit_configs_utils:/home/giri/ws_moveit2/install/launch_param_builder:/home/giri/ros2_ws/install/trial:/home/giri/ros2_ws/install/my_py_pkg:/opt/ros/humble /usr/bin/cmake /home/giri/hexrov/src/hexrov_firmware -DCMAKE_INSTALL_PREFIX=/home/giri/hexrov/install/hexrov_firmware
[0.230s] -- The C compiler identification is GNU 11.4.0
[0.387s] -- The CXX compiler identification is GNU 11.4.0
[0.402s] -- Detecting C compiler ABI info
[0.568s] -- Detecting C compiler ABI info - done
[0.578s] -- Check for working C compiler: /usr/bin/cc - skipped
[0.579s] -- Detecting C compile features
[0.580s] -- Detecting C compile features - done
[0.584s] -- Detecting CXX compiler ABI info
[0.761s] -- Detecting CXX compiler ABI info - done
[0.771s] -- Check for working CXX compiler: /usr/bin/c++ - skipped
[0.771s] -- Detecting CXX compile features
[0.772s] -- Detecting CXX compile features - done
[0.788s] -- Found ament_cmake: 1.3.10 (/opt/ros/humble/share/ament_cmake/cmake)
[1.049s] -- Found Python3: /usr/bin/python3 (found version "3.10.12") found components: Interpreter 
[1.325s] -- Found ament_lint_auto: 0.12.11 (/opt/ros/humble/share/ament_lint_auto/cmake)
[1.512s] -- Added test 'lint_cmake' to check CMake code style
[1.516s] -- Added test 'xmllint' to check XML markup files
[1.521s] -- Configuring done
[1.525s] -- Generating done
[1.527s] -- Build files have been written to: /home/giri/hexrov/build/hexrov_firmware
