[0.164s] DEBUG:colcon:Command line arguments: ['/usr/bin/colcon', 'build']
[0.164s] DEBUG:colcon:Parsed command line arguments: Namespace(log_base=None, log_level=None, verb_name='build', build_base='build', install_base='install', merge_install=False, symlink_install=False, test_result_base=None, continue_on_error=False, executor='parallel', parallel_workers=12, event_handlers=None, ignore_user_meta=False, metas=['./colcon.meta'], base_paths=['.'], packages_ignore=None, packages_ignore_regex=None, paths=None, packages_up_to=None, packages_up_to_regex=None, packages_above=None, packages_above_and_dependencies=None, packages_above_depth=None, packages_select_by_dep=None, packages_skip_by_dep=None, packages_skip_up_to=None, packages_select_build_failed=False, packages_skip_build_finished=False, packages_select_test_failures=False, packages_skip_test_passed=False, packages_select=None, packages_skip=None, packages_select_regex=None, packages_skip_regex=None, packages_start=None, packages_end=None, allow_overriding=[], cmake_args=None, cmake_target=None, cmake_target_skip_unavailable=False, cmake_clean_cache=False, cmake_clean_first=False, cmake_force_configure=False, ament_cmake_args=None, catkin_cmake_args=None, catkin_skip_building_tests=False, mixin_files=None, mixin=None, verb_parser=<colcon_mixin.mixin.mixin_argument.MixinArgumentDecorator object at 0x7c489d04b850>, verb_extension=<colcon_core.verb.build.BuildVerb object at 0x7c489d14bfa0>, main=<bound method BuildVerb.main of <colcon_core.verb.build.BuildVerb object at 0x7c489d14bfa0>>, mixin_verb=('build',))
[0.402s] Level 1:colcon.colcon_core.package_discovery:discover_packages(colcon_meta) check parameters
[0.402s] Level 1:colcon.colcon_core.package_discovery:discover_packages(recursive) check parameters
[0.402s] Level 1:colcon.colcon_core.package_discovery:discover_packages(ignore) check parameters
[0.402s] Level 1:colcon.colcon_core.package_discovery:discover_packages(path) check parameters
[0.402s] Level 1:colcon.colcon_core.package_discovery:discover_packages(colcon_meta) discover
[0.402s] Level 1:colcon.colcon_core.package_discovery:discover_packages(recursive) discover
[0.402s] INFO:colcon.colcon_core.package_discovery:Crawling recursively for packages in '/home/giri/hexrov'
[0.403s] Level 1:colcon.colcon_core.package_identification:_identify(.) by extensions ['ignore', 'ignore_ament_install']
[0.403s] Level 1:colcon.colcon_core.package_identification:_identify(.) by extension 'ignore'
[0.403s] Level 1:colcon.colcon_core.package_identification:_identify(.) by extension 'ignore_ament_install'
[0.403s] Level 1:colcon.colcon_core.package_identification:_identify(.) by extensions ['colcon_pkg']
[0.403s] Level 1:colcon.colcon_core.package_identification:_identify(.) by extension 'colcon_pkg'
[0.403s] Level 1:colcon.colcon_core.package_identification:_identify(.) by extensions ['colcon_meta']
[0.403s] Level 1:colcon.colcon_core.package_identification:_identify(.) by extension 'colcon_meta'
[0.403s] Level 1:colcon.colcon_core.package_identification:_identify(.) by extensions ['ros']
[0.403s] Level 1:colcon.colcon_core.package_identification:_identify(.) by extension 'ros'
[0.418s] Level 1:colcon.colcon_core.package_identification:_identify(.) by extensions ['cmake', 'python']
[0.418s] Level 1:colcon.colcon_core.package_identification:_identify(.) by extension 'cmake'
[0.418s] Level 1:colcon.colcon_core.package_identification:_identify(.) by extension 'python'
[0.418s] Level 1:colcon.colcon_core.package_identification:_identify(.) by extensions ['python_setup_py']
[0.418s] Level 1:colcon.colcon_core.package_identification:_identify(.) by extension 'python_setup_py'
[0.418s] Level 1:colcon.colcon_core.package_identification:_identify(build) by extensions ['ignore', 'ignore_ament_install']
[0.418s] Level 1:colcon.colcon_core.package_identification:_identify(build) by extension 'ignore'
[0.418s] Level 1:colcon.colcon_core.package_identification:_identify(build) ignored
[0.418s] Level 1:colcon.colcon_core.package_identification:_identify(install) by extensions ['ignore', 'ignore_ament_install']
[0.419s] Level 1:colcon.colcon_core.package_identification:_identify(install) by extension 'ignore'
[0.419s] Level 1:colcon.colcon_core.package_identification:_identify(install) ignored
[0.419s] Level 1:colcon.colcon_core.package_identification:_identify(log) by extensions ['ignore', 'ignore_ament_install']
[0.419s] Level 1:colcon.colcon_core.package_identification:_identify(log) by extension 'ignore'
[0.419s] Level 1:colcon.colcon_core.package_identification:_identify(log) ignored
[0.419s] Level 1:colcon.colcon_core.package_identification:_identify(src) by extensions ['ignore', 'ignore_ament_install']
[0.419s] Level 1:colcon.colcon_core.package_identification:_identify(src) by extension 'ignore'
[0.419s] Level 1:colcon.colcon_core.package_identification:_identify(src) by extension 'ignore_ament_install'
[0.419s] Level 1:colcon.colcon_core.package_identification:_identify(src) by extensions ['colcon_pkg']
[0.419s] Level 1:colcon.colcon_core.package_identification:_identify(src) by extension 'colcon_pkg'
[0.419s] Level 1:colcon.colcon_core.package_identification:_identify(src) by extensions ['colcon_meta']
[0.419s] Level 1:colcon.colcon_core.package_identification:_identify(src) by extension 'colcon_meta'
[0.419s] Level 1:colcon.colcon_core.package_identification:_identify(src) by extensions ['ros']
[0.419s] Level 1:colcon.colcon_core.package_identification:_identify(src) by extension 'ros'
[0.419s] Level 1:colcon.colcon_core.package_identification:_identify(src) by extensions ['cmake', 'python']
[0.420s] Level 1:colcon.colcon_core.package_identification:_identify(src) by extension 'cmake'
[0.420s] Level 1:colcon.colcon_core.package_identification:_identify(src) by extension 'python'
[0.420s] Level 1:colcon.colcon_core.package_identification:_identify(src) by extensions ['python_setup_py']
[0.420s] Level 1:colcon.colcon_core.package_identification:_identify(src) by extension 'python_setup_py'
[0.420s] Level 1:colcon.colcon_core.package_identification:_identify(src/hexrov_bringup) by extensions ['ignore', 'ignore_ament_install']
[0.420s] Level 1:colcon.colcon_core.package_identification:_identify(src/hexrov_bringup) by extension 'ignore'
[0.420s] Level 1:colcon.colcon_core.package_identification:_identify(src/hexrov_bringup) by extension 'ignore_ament_install'
[0.420s] Level 1:colcon.colcon_core.package_identification:_identify(src/hexrov_bringup) by extensions ['colcon_pkg']
[0.420s] Level 1:colcon.colcon_core.package_identification:_identify(src/hexrov_bringup) by extension 'colcon_pkg'
[0.420s] Level 1:colcon.colcon_core.package_identification:_identify(src/hexrov_bringup) by extensions ['colcon_meta']
[0.420s] Level 1:colcon.colcon_core.package_identification:_identify(src/hexrov_bringup) by extension 'colcon_meta'
[0.420s] Level 1:colcon.colcon_core.package_identification:_identify(src/hexrov_bringup) by extensions ['ros']
[0.420s] Level 1:colcon.colcon_core.package_identification:_identify(src/hexrov_bringup) by extension 'ros'
[0.423s] DEBUG:colcon.colcon_core.package_identification:Package 'src/hexrov_bringup' with type 'ros.ament_cmake' and name 'hexrov_bringup'
[0.424s] Level 1:colcon.colcon_core.package_identification:_identify(src/hexrov_description) by extensions ['ignore', 'ignore_ament_install']
[0.424s] Level 1:colcon.colcon_core.package_identification:_identify(src/hexrov_description) by extension 'ignore'
[0.424s] Level 1:colcon.colcon_core.package_identification:_identify(src/hexrov_description) by extension 'ignore_ament_install'
[0.424s] Level 1:colcon.colcon_core.package_identification:_identify(src/hexrov_description) by extensions ['colcon_pkg']
[0.424s] Level 1:colcon.colcon_core.package_identification:_identify(src/hexrov_description) by extension 'colcon_pkg'
[0.424s] Level 1:colcon.colcon_core.package_identification:_identify(src/hexrov_description) by extensions ['colcon_meta']
[0.424s] Level 1:colcon.colcon_core.package_identification:_identify(src/hexrov_description) by extension 'colcon_meta'
[0.424s] Level 1:colcon.colcon_core.package_identification:_identify(src/hexrov_description) by extensions ['ros']
[0.424s] Level 1:colcon.colcon_core.package_identification:_identify(src/hexrov_description) by extension 'ros'
[0.425s] DEBUG:colcon.colcon_core.package_identification:Package 'src/hexrov_description' with type 'ros.ament_cmake' and name 'hexrov_description'
[0.425s] Level 1:colcon.colcon_core.package_identification:_identify(src/hexrov_firmware) by extensions ['ignore', 'ignore_ament_install']
[0.425s] Level 1:colcon.colcon_core.package_identification:_identify(src/hexrov_firmware) by extension 'ignore'
[0.425s] Level 1:colcon.colcon_core.package_identification:_identify(src/hexrov_firmware) by extension 'ignore_ament_install'
[0.425s] Level 1:colcon.colcon_core.package_identification:_identify(src/hexrov_firmware) by extensions ['colcon_pkg']
[0.425s] Level 1:colcon.colcon_core.package_identification:_identify(src/hexrov_firmware) by extension 'colcon_pkg'
[0.425s] Level 1:colcon.colcon_core.package_identification:_identify(src/hexrov_firmware) by extensions ['colcon_meta']
[0.425s] Level 1:colcon.colcon_core.package_identification:_identify(src/hexrov_firmware) by extension 'colcon_meta'
[0.425s] Level 1:colcon.colcon_core.package_identification:_identify(src/hexrov_firmware) by extensions ['ros']
[0.425s] Level 1:colcon.colcon_core.package_identification:_identify(src/hexrov_firmware) by extension 'ros'
[0.426s] DEBUG:colcon.colcon_core.package_identification:Package 'src/hexrov_firmware' with type 'ros.ament_cmake' and name 'hexrov_firmware'
[0.426s] Level 1:colcon.colcon_core.package_discovery:discover_packages(recursive) using defaults
[0.426s] Level 1:colcon.colcon_core.package_discovery:discover_packages(ignore) discover
[0.426s] Level 1:colcon.colcon_core.package_discovery:discover_packages(ignore) using defaults
[0.426s] Level 1:colcon.colcon_core.package_discovery:discover_packages(path) discover
[0.426s] Level 1:colcon.colcon_core.package_discovery:discover_packages(path) using defaults
[0.455s] Level 1:colcon.colcon_core.package_discovery:discover_packages(prefix_path) check parameters
[0.455s] Level 1:colcon.colcon_core.package_discovery:discover_packages(prefix_path) discover
[0.462s] DEBUG:colcon.colcon_installed_package_information.package_discovery:Found 55 installed packages in /home/giri/ws_moveit2/install
[0.463s] DEBUG:colcon.colcon_installed_package_information.package_discovery:Found 4 installed packages in /home/giri/ros2_ws/install
[0.466s] DEBUG:colcon.colcon_installed_package_information.package_discovery:Found 401 installed packages in /opt/ros/humble
[0.468s] Level 1:colcon.colcon_core.package_discovery:discover_packages(prefix_path) using defaults
[0.571s] Level 5:colcon.colcon_core.verb:set package 'hexrov_bringup' build argument 'cmake_args' from command line to 'None'
[0.571s] Level 5:colcon.colcon_core.verb:set package 'hexrov_bringup' build argument 'cmake_target' from command line to 'None'
[0.571s] Level 5:colcon.colcon_core.verb:set package 'hexrov_bringup' build argument 'cmake_target_skip_unavailable' from command line to 'False'
[0.572s] Level 5:colcon.colcon_core.verb:set package 'hexrov_bringup' build argument 'cmake_clean_cache' from command line to 'False'
[0.572s] Level 5:colcon.colcon_core.verb:set package 'hexrov_bringup' build argument 'cmake_clean_first' from command line to 'False'
[0.572s] Level 5:colcon.colcon_core.verb:set package 'hexrov_bringup' build argument 'cmake_force_configure' from command line to 'False'
[0.572s] Level 5:colcon.colcon_core.verb:set package 'hexrov_bringup' build argument 'ament_cmake_args' from command line to 'None'
[0.572s] Level 5:colcon.colcon_core.verb:set package 'hexrov_bringup' build argument 'catkin_cmake_args' from command line to 'None'
[0.572s] Level 5:colcon.colcon_core.verb:set package 'hexrov_bringup' build argument 'catkin_skip_building_tests' from command line to 'False'
[0.572s] DEBUG:colcon.colcon_core.verb:Building package 'hexrov_bringup' with the following arguments: {'ament_cmake_args': None, 'build_base': '/home/giri/hexrov/build/hexrov_bringup', 'catkin_cmake_args': None, 'catkin_skip_building_tests': False, 'cmake_args': None, 'cmake_clean_cache': False, 'cmake_clean_first': False, 'cmake_force_configure': False, 'cmake_target': None, 'cmake_target_skip_unavailable': False, 'install_base': '/home/giri/hexrov/install/hexrov_bringup', 'merge_install': False, 'path': '/home/giri/hexrov/src/hexrov_bringup', 'symlink_install': False, 'test_result_base': None}
[0.572s] Level 5:colcon.colcon_core.verb:set package 'hexrov_description' build argument 'cmake_args' from command line to 'None'
[0.572s] Level 5:colcon.colcon_core.verb:set package 'hexrov_description' build argument 'cmake_target' from command line to 'None'
[0.572s] Level 5:colcon.colcon_core.verb:set package 'hexrov_description' build argument 'cmake_target_skip_unavailable' from command line to 'False'
[0.572s] Level 5:colcon.colcon_core.verb:set package 'hexrov_description' build argument 'cmake_clean_cache' from command line to 'False'
[0.572s] Level 5:colcon.colcon_core.verb:set package 'hexrov_description' build argument 'cmake_clean_first' from command line to 'False'
[0.572s] Level 5:colcon.colcon_core.verb:set package 'hexrov_description' build argument 'cmake_force_configure' from command line to 'False'
[0.572s] Level 5:colcon.colcon_core.verb:set package 'hexrov_description' build argument 'ament_cmake_args' from command line to 'None'
[0.572s] Level 5:colcon.colcon_core.verb:set package 'hexrov_description' build argument 'catkin_cmake_args' from command line to 'None'
[0.572s] Level 5:colcon.colcon_core.verb:set package 'hexrov_description' build argument 'catkin_skip_building_tests' from command line to 'False'
[0.572s] DEBUG:colcon.colcon_core.verb:Building package 'hexrov_description' with the following arguments: {'ament_cmake_args': None, 'build_base': '/home/giri/hexrov/build/hexrov_description', 'catkin_cmake_args': None, 'catkin_skip_building_tests': False, 'cmake_args': None, 'cmake_clean_cache': False, 'cmake_clean_first': False, 'cmake_force_configure': False, 'cmake_target': None, 'cmake_target_skip_unavailable': False, 'install_base': '/home/giri/hexrov/install/hexrov_description', 'merge_install': False, 'path': '/home/giri/hexrov/src/hexrov_description', 'symlink_install': False, 'test_result_base': None}
[0.573s] Level 5:colcon.colcon_core.verb:set package 'hexrov_firmware' build argument 'cmake_args' from command line to 'None'
[0.573s] Level 5:colcon.colcon_core.verb:set package 'hexrov_firmware' build argument 'cmake_target' from command line to 'None'
[0.573s] Level 5:colcon.colcon_core.verb:set package 'hexrov_firmware' build argument 'cmake_target_skip_unavailable' from command line to 'False'
[0.573s] Level 5:colcon.colcon_core.verb:set package 'hexrov_firmware' build argument 'cmake_clean_cache' from command line to 'False'
[0.573s] Level 5:colcon.colcon_core.verb:set package 'hexrov_firmware' build argument 'cmake_clean_first' from command line to 'False'
[0.573s] Level 5:colcon.colcon_core.verb:set package 'hexrov_firmware' build argument 'cmake_force_configure' from command line to 'False'
[0.573s] Level 5:colcon.colcon_core.verb:set package 'hexrov_firmware' build argument 'ament_cmake_args' from command line to 'None'
[0.573s] Level 5:colcon.colcon_core.verb:set package 'hexrov_firmware' build argument 'catkin_cmake_args' from command line to 'None'
[0.573s] Level 5:colcon.colcon_core.verb:set package 'hexrov_firmware' build argument 'catkin_skip_building_tests' from command line to 'False'
[0.573s] DEBUG:colcon.colcon_core.verb:Building package 'hexrov_firmware' with the following arguments: {'ament_cmake_args': None, 'build_base': '/home/giri/hexrov/build/hexrov_firmware', 'catkin_cmake_args': None, 'catkin_skip_building_tests': False, 'cmake_args': None, 'cmake_clean_cache': False, 'cmake_clean_first': False, 'cmake_force_configure': False, 'cmake_target': None, 'cmake_target_skip_unavailable': False, 'install_base': '/home/giri/hexrov/install/hexrov_firmware', 'merge_install': False, 'path': '/home/giri/hexrov/src/hexrov_firmware', 'symlink_install': False, 'test_result_base': None}
[0.573s] INFO:colcon.colcon_core.executor:Executing jobs using 'parallel' executor
[0.575s] DEBUG:colcon.colcon_parallel_executor.executor.parallel:run_until_complete
[0.575s] INFO:colcon.colcon_ros.task.ament_cmake.build:Building ROS package in '/home/giri/hexrov/src/hexrov_bringup' with build type 'ament_cmake'
[0.575s] INFO:colcon.colcon_cmake.task.cmake.build:Building CMake package in '/home/giri/hexrov/src/hexrov_bringup'
[0.578s] INFO:colcon.colcon_core.plugin_system:Skipping extension 'colcon_core.shell.bat': Not used on non-Windows systems
[0.578s] INFO:colcon.colcon_core.shell:Skip shell extension 'powershell' for command environment: Not usable outside of PowerShell
[0.578s] DEBUG:colcon.colcon_core.shell:Skip shell extension 'dsv' for command environment
[0.590s] INFO:colcon.colcon_ros.task.ament_cmake.build:Building ROS package in '/home/giri/hexrov/src/hexrov_description' with build type 'ament_cmake'
[0.590s] INFO:colcon.colcon_cmake.task.cmake.build:Building CMake package in '/home/giri/hexrov/src/hexrov_description'
[0.590s] INFO:colcon.colcon_core.shell:Skip shell extension 'powershell' for command environment: Not usable outside of PowerShell
[0.590s] DEBUG:colcon.colcon_core.shell:Skip shell extension 'dsv' for command environment
[0.601s] INFO:colcon.colcon_ros.task.ament_cmake.build:Building ROS package in '/home/giri/hexrov/src/hexrov_firmware' with build type 'ament_cmake'
[0.601s] INFO:colcon.colcon_cmake.task.cmake.build:Building CMake package in '/home/giri/hexrov/src/hexrov_firmware'
[0.602s] INFO:colcon.colcon_core.shell:Skip shell extension 'powershell' for command environment: Not usable outside of PowerShell
[0.602s] DEBUG:colcon.colcon_core.shell:Skip shell extension 'dsv' for command environment
[0.623s] DEBUG:colcon.colcon_core.event_handler.log_command:Invoking command in '/home/giri/hexrov/build/hexrov_bringup': CMAKE_PREFIX_PATH=${CMAKE_PREFIX_PATH}:/home/giri/ws_moveit2/install/moveit_configs_utils:/home/giri/ws_moveit2/install/launch_param_builder:/home/giri/ros2_ws/install/trial:/home/giri/ros2_ws/install/my_py_pkg:/opt/ros/humble /usr/bin/cmake --build /home/giri/hexrov/build/hexrov_bringup -- -j12 -l12
[0.629s] DEBUG:colcon.colcon_core.event_handler.log_command:Invoking command in '/home/giri/hexrov/build/hexrov_description': CMAKE_PREFIX_PATH=${CMAKE_PREFIX_PATH}:/home/giri/ws_moveit2/install/moveit_configs_utils:/home/giri/ws_moveit2/install/launch_param_builder:/home/giri/ros2_ws/install/trial:/home/giri/ros2_ws/install/my_py_pkg:/opt/ros/humble /usr/bin/cmake --build /home/giri/hexrov/build/hexrov_description -- -j12 -l12
[0.637s] DEBUG:colcon.colcon_core.event_handler.log_command:Invoking command in '/home/giri/hexrov/build/hexrov_firmware': CMAKE_PREFIX_PATH=${CMAKE_PREFIX_PATH}:/home/giri/ws_moveit2/install/moveit_configs_utils:/home/giri/ws_moveit2/install/launch_param_builder:/home/giri/ros2_ws/install/trial:/home/giri/ros2_ws/install/my_py_pkg:/opt/ros/humble /usr/bin/cmake --build /home/giri/hexrov/build/hexrov_firmware -- -j12 -l12
[0.726s] DEBUG:colcon.colcon_core.event_handler.log_command:Invoked command in '/home/giri/hexrov/build/hexrov_description' returned '0': CMAKE_PREFIX_PATH=${CMAKE_PREFIX_PATH}:/home/giri/ws_moveit2/install/moveit_configs_utils:/home/giri/ws_moveit2/install/launch_param_builder:/home/giri/ros2_ws/install/trial:/home/giri/ros2_ws/install/my_py_pkg:/opt/ros/humble /usr/bin/cmake --build /home/giri/hexrov/build/hexrov_description -- -j12 -l12
[0.729s] DEBUG:colcon.colcon_core.event_handler.log_command:Invoked command in '/home/giri/hexrov/build/hexrov_bringup' returned '0': CMAKE_PREFIX_PATH=${CMAKE_PREFIX_PATH}:/home/giri/ws_moveit2/install/moveit_configs_utils:/home/giri/ws_moveit2/install/launch_param_builder:/home/giri/ros2_ws/install/trial:/home/giri/ros2_ws/install/my_py_pkg:/opt/ros/humble /usr/bin/cmake --build /home/giri/hexrov/build/hexrov_bringup -- -j12 -l12
[0.731s] DEBUG:colcon.colcon_core.event_handler.log_command:Invoked command in '/home/giri/hexrov/build/hexrov_firmware' returned '0': CMAKE_PREFIX_PATH=${CMAKE_PREFIX_PATH}:/home/giri/ws_moveit2/install/moveit_configs_utils:/home/giri/ws_moveit2/install/launch_param_builder:/home/giri/ros2_ws/install/trial:/home/giri/ros2_ws/install/my_py_pkg:/opt/ros/humble /usr/bin/cmake --build /home/giri/hexrov/build/hexrov_firmware -- -j12 -l12
[0.833s] DEBUG:colcon.colcon_core.event_handler.log_command:Invoking command in '/home/giri/hexrov/build/hexrov_firmware': CMAKE_PREFIX_PATH=${CMAKE_PREFIX_PATH}:/home/giri/ws_moveit2/install/moveit_configs_utils:/home/giri/ws_moveit2/install/launch_param_builder:/home/giri/ros2_ws/install/trial:/home/giri/ros2_ws/install/my_py_pkg:/opt/ros/humble /usr/bin/cmake --install /home/giri/hexrov/build/hexrov_firmware
[0.837s] DEBUG:colcon.colcon_core.event_handler.log_command:Invoking command in '/home/giri/hexrov/build/hexrov_description': CMAKE_PREFIX_PATH=${CMAKE_PREFIX_PATH}:/home/giri/ws_moveit2/install/moveit_configs_utils:/home/giri/ws_moveit2/install/launch_param_builder:/home/giri/ros2_ws/install/trial:/home/giri/ros2_ws/install/my_py_pkg:/opt/ros/humble /usr/bin/cmake --install /home/giri/hexrov/build/hexrov_description
[0.841s] DEBUG:colcon.colcon_core.event_handler.log_command:Invoking command in '/home/giri/hexrov/build/hexrov_bringup': CMAKE_PREFIX_PATH=${CMAKE_PREFIX_PATH}:/home/giri/ws_moveit2/install/moveit_configs_utils:/home/giri/ws_moveit2/install/launch_param_builder:/home/giri/ros2_ws/install/trial:/home/giri/ros2_ws/install/my_py_pkg:/opt/ros/humble /usr/bin/cmake --install /home/giri/hexrov/build/hexrov_bringup
[0.859s] Level 1:colcon.colcon_core.environment:create_environment_scripts_only(hexrov_firmware)
[0.861s] DEBUG:colcon.colcon_core.event_handler.log_command:Invoked command in '/home/giri/hexrov/build/hexrov_firmware' returned '0': CMAKE_PREFIX_PATH=${CMAKE_PREFIX_PATH}:/home/giri/ws_moveit2/install/moveit_configs_utils:/home/giri/ws_moveit2/install/launch_param_builder:/home/giri/ros2_ws/install/trial:/home/giri/ros2_ws/install/my_py_pkg:/opt/ros/humble /usr/bin/cmake --install /home/giri/hexrov/build/hexrov_firmware
[0.869s] Level 1:colcon.colcon_core.environment:checking '/home/giri/hexrov/install/hexrov_firmware' for CMake module files
[0.870s] Level 1:colcon.colcon_core.environment:checking '/home/giri/hexrov/install/hexrov_firmware' for CMake config files
[0.870s] Level 1:colcon.colcon_core.shell:create_environment_hook('hexrov_firmware', 'cmake_prefix_path')
[0.871s] INFO:colcon.colcon_core.shell:Creating environment hook '/home/giri/hexrov/install/hexrov_firmware/share/hexrov_firmware/hook/cmake_prefix_path.ps1'
[0.872s] INFO:colcon.colcon_core.shell:Creating environment descriptor '/home/giri/hexrov/install/hexrov_firmware/share/hexrov_firmware/hook/cmake_prefix_path.dsv'
[0.873s] INFO:colcon.colcon_core.shell:Creating environment hook '/home/giri/hexrov/install/hexrov_firmware/share/hexrov_firmware/hook/cmake_prefix_path.sh'
[0.874s] Level 1:colcon.colcon_core.environment:checking '/home/giri/hexrov/install/hexrov_firmware/bin'
[0.874s] Level 1:colcon.colcon_core.environment:checking '/home/giri/hexrov/install/hexrov_firmware/lib/pkgconfig/hexrov_firmware.pc'
[0.875s] Level 1:colcon.colcon_core.environment:checking '/home/giri/hexrov/install/hexrov_firmware/lib/python3.10/site-packages'
[0.875s] Level 1:colcon.colcon_core.environment:checking '/home/giri/hexrov/install/hexrov_firmware/bin'
[0.876s] INFO:colcon.colcon_core.shell:Creating package script '/home/giri/hexrov/install/hexrov_firmware/share/hexrov_firmware/package.ps1'
[0.877s] INFO:colcon.colcon_core.shell:Creating package descriptor '/home/giri/hexrov/install/hexrov_firmware/share/hexrov_firmware/package.dsv'
[0.877s] INFO:colcon.colcon_core.shell:Creating package script '/home/giri/hexrov/install/hexrov_firmware/share/hexrov_firmware/package.sh'
[0.878s] INFO:colcon.colcon_core.shell:Creating package script '/home/giri/hexrov/install/hexrov_firmware/share/hexrov_firmware/package.bash'
[0.879s] INFO:colcon.colcon_core.shell:Creating package script '/home/giri/hexrov/install/hexrov_firmware/share/hexrov_firmware/package.zsh'
[0.880s] Level 1:colcon.colcon_core.environment:create_file_with_runtime_dependencies(/home/giri/hexrov/install/hexrov_firmware/share/colcon-core/packages/hexrov_firmware)
[0.884s] Level 1:colcon.colcon_core.environment:create_environment_scripts_only(hexrov_description)
[0.884s] Level 1:colcon.colcon_core.environment:checking '/home/giri/hexrov/install/hexrov_description' for CMake module files
[0.885s] DEBUG:colcon.colcon_core.event_handler.log_command:Invoked command in '/home/giri/hexrov/build/hexrov_description' returned '0': CMAKE_PREFIX_PATH=${CMAKE_PREFIX_PATH}:/home/giri/ws_moveit2/install/moveit_configs_utils:/home/giri/ws_moveit2/install/launch_param_builder:/home/giri/ros2_ws/install/trial:/home/giri/ros2_ws/install/my_py_pkg:/opt/ros/humble /usr/bin/cmake --install /home/giri/hexrov/build/hexrov_description
[0.886s] Level 1:colcon.colcon_core.environment:checking '/home/giri/hexrov/install/hexrov_description' for CMake config files
[0.886s] Level 1:colcon.colcon_core.shell:create_environment_hook('hexrov_description', 'cmake_prefix_path')
[0.887s] INFO:colcon.colcon_core.shell:Creating environment hook '/home/giri/hexrov/install/hexrov_description/share/hexrov_description/hook/cmake_prefix_path.ps1'
[0.888s] INFO:colcon.colcon_core.shell:Creating environment descriptor '/home/giri/hexrov/install/hexrov_description/share/hexrov_description/hook/cmake_prefix_path.dsv'
[0.889s] INFO:colcon.colcon_core.shell:Creating environment hook '/home/giri/hexrov/install/hexrov_description/share/hexrov_description/hook/cmake_prefix_path.sh'
[0.890s] Level 1:colcon.colcon_core.environment:checking '/home/giri/hexrov/install/hexrov_description/bin'
[0.890s] Level 1:colcon.colcon_core.environment:checking '/home/giri/hexrov/install/hexrov_description/lib/pkgconfig/hexrov_description.pc'
[0.891s] Level 1:colcon.colcon_core.environment:checking '/home/giri/hexrov/install/hexrov_description/lib/python3.10/site-packages'
[0.891s] Level 1:colcon.colcon_core.environment:checking '/home/giri/hexrov/install/hexrov_description/bin'
[0.892s] INFO:colcon.colcon_core.shell:Creating package script '/home/giri/hexrov/install/hexrov_description/share/hexrov_description/package.ps1'
[0.893s] INFO:colcon.colcon_core.shell:Creating package descriptor '/home/giri/hexrov/install/hexrov_description/share/hexrov_description/package.dsv'
[0.893s] INFO:colcon.colcon_core.shell:Creating package script '/home/giri/hexrov/install/hexrov_description/share/hexrov_description/package.sh'
[0.894s] INFO:colcon.colcon_core.shell:Creating package script '/home/giri/hexrov/install/hexrov_description/share/hexrov_description/package.bash'
[0.894s] INFO:colcon.colcon_core.shell:Creating package script '/home/giri/hexrov/install/hexrov_description/share/hexrov_description/package.zsh'
[0.895s] Level 1:colcon.colcon_core.environment:create_file_with_runtime_dependencies(/home/giri/hexrov/install/hexrov_description/share/colcon-core/packages/hexrov_description)
[0.897s] Level 1:colcon.colcon_core.environment:create_environment_scripts_only(hexrov_bringup)
[0.898s] Level 1:colcon.colcon_core.environment:checking '/home/giri/hexrov/install/hexrov_bringup' for CMake module files
[0.899s] DEBUG:colcon.colcon_core.event_handler.log_command:Invoked command in '/home/giri/hexrov/build/hexrov_bringup' returned '0': CMAKE_PREFIX_PATH=${CMAKE_PREFIX_PATH}:/home/giri/ws_moveit2/install/moveit_configs_utils:/home/giri/ws_moveit2/install/launch_param_builder:/home/giri/ros2_ws/install/trial:/home/giri/ros2_ws/install/my_py_pkg:/opt/ros/humble /usr/bin/cmake --install /home/giri/hexrov/build/hexrov_bringup
[0.899s] Level 1:colcon.colcon_core.environment:checking '/home/giri/hexrov/install/hexrov_bringup' for CMake config files
[0.900s] Level 1:colcon.colcon_core.shell:create_environment_hook('hexrov_bringup', 'cmake_prefix_path')
[0.900s] INFO:colcon.colcon_core.shell:Creating environment hook '/home/giri/hexrov/install/hexrov_bringup/share/hexrov_bringup/hook/cmake_prefix_path.ps1'
[0.901s] INFO:colcon.colcon_core.shell:Creating environment descriptor '/home/giri/hexrov/install/hexrov_bringup/share/hexrov_bringup/hook/cmake_prefix_path.dsv'
[0.902s] INFO:colcon.colcon_core.shell:Creating environment hook '/home/giri/hexrov/install/hexrov_bringup/share/hexrov_bringup/hook/cmake_prefix_path.sh'
[0.902s] Level 1:colcon.colcon_core.environment:checking '/home/giri/hexrov/install/hexrov_bringup/bin'
[0.903s] Level 1:colcon.colcon_core.environment:checking '/home/giri/hexrov/install/hexrov_bringup/lib/pkgconfig/hexrov_bringup.pc'
[0.903s] Level 1:colcon.colcon_core.environment:checking '/home/giri/hexrov/install/hexrov_bringup/lib/python3.10/site-packages'
[0.903s] Level 1:colcon.colcon_core.environment:checking '/home/giri/hexrov/install/hexrov_bringup/bin'
[0.904s] INFO:colcon.colcon_core.shell:Creating package script '/home/giri/hexrov/install/hexrov_bringup/share/hexrov_bringup/package.ps1'
[0.905s] INFO:colcon.colcon_core.shell:Creating package descriptor '/home/giri/hexrov/install/hexrov_bringup/share/hexrov_bringup/package.dsv'
[0.905s] INFO:colcon.colcon_core.shell:Creating package script '/home/giri/hexrov/install/hexrov_bringup/share/hexrov_bringup/package.sh'
[0.906s] INFO:colcon.colcon_core.shell:Creating package script '/home/giri/hexrov/install/hexrov_bringup/share/hexrov_bringup/package.bash'
[0.906s] INFO:colcon.colcon_core.shell:Creating package script '/home/giri/hexrov/install/hexrov_bringup/share/hexrov_bringup/package.zsh'
[0.907s] Level 1:colcon.colcon_core.environment:create_file_with_runtime_dependencies(/home/giri/hexrov/install/hexrov_bringup/share/colcon-core/packages/hexrov_bringup)
[0.964s] Level 1:colcon.colcon_core.environment:create_environment_scripts_only(hexrov_firmware)
[0.964s] Level 1:colcon.colcon_core.environment:checking '/home/giri/hexrov/install/hexrov_firmware' for CMake module files
[0.965s] Level 1:colcon.colcon_core.environment:checking '/home/giri/hexrov/install/hexrov_firmware' for CMake config files
[0.965s] Level 1:colcon.colcon_core.shell:create_environment_hook('hexrov_firmware', 'cmake_prefix_path')
[0.966s] INFO:colcon.colcon_core.shell:Creating environment hook '/home/giri/hexrov/install/hexrov_firmware/share/hexrov_firmware/hook/cmake_prefix_path.ps1'
[0.966s] INFO:colcon.colcon_core.shell:Creating environment descriptor '/home/giri/hexrov/install/hexrov_firmware/share/hexrov_firmware/hook/cmake_prefix_path.dsv'
[0.967s] INFO:colcon.colcon_core.shell:Creating environment hook '/home/giri/hexrov/install/hexrov_firmware/share/hexrov_firmware/hook/cmake_prefix_path.sh'
[0.967s] Level 1:colcon.colcon_core.environment:checking '/home/giri/hexrov/install/hexrov_firmware/bin'
[0.968s] Level 1:colcon.colcon_core.environment:checking '/home/giri/hexrov/install/hexrov_firmware/lib/pkgconfig/hexrov_firmware.pc'
[0.968s] Level 1:colcon.colcon_core.environment:checking '/home/giri/hexrov/install/hexrov_firmware/lib/python3.10/site-packages'
[0.968s] Level 1:colcon.colcon_core.environment:checking '/home/giri/hexrov/install/hexrov_firmware/bin'
[0.968s] INFO:colcon.colcon_core.shell:Creating package script '/home/giri/hexrov/install/hexrov_firmware/share/hexrov_firmware/package.ps1'
[0.969s] INFO:colcon.colcon_core.shell:Creating package descriptor '/home/giri/hexrov/install/hexrov_firmware/share/hexrov_firmware/package.dsv'
[0.970s] INFO:colcon.colcon_core.shell:Creating package script '/home/giri/hexrov/install/hexrov_firmware/share/hexrov_firmware/package.sh'
[0.970s] INFO:colcon.colcon_core.shell:Creating package script '/home/giri/hexrov/install/hexrov_firmware/share/hexrov_firmware/package.bash'
[0.971s] INFO:colcon.colcon_core.shell:Creating package script '/home/giri/hexrov/install/hexrov_firmware/share/hexrov_firmware/package.zsh'
[0.972s] Level 1:colcon.colcon_core.environment:create_file_with_runtime_dependencies(/home/giri/hexrov/install/hexrov_firmware/share/colcon-core/packages/hexrov_firmware)
[0.973s] Level 1:colcon.colcon_core.environment:create_environment_scripts_only(hexrov_description)
[0.973s] Level 1:colcon.colcon_core.environment:checking '/home/giri/hexrov/install/hexrov_description' for CMake module files
[0.974s] Level 1:colcon.colcon_core.environment:checking '/home/giri/hexrov/install/hexrov_description' for CMake config files
[0.975s] Level 1:colcon.colcon_core.shell:create_environment_hook('hexrov_description', 'cmake_prefix_path')
[0.975s] INFO:colcon.colcon_core.shell:Creating environment hook '/home/giri/hexrov/install/hexrov_description/share/hexrov_description/hook/cmake_prefix_path.ps1'
[0.976s] INFO:colcon.colcon_core.shell:Creating environment descriptor '/home/giri/hexrov/install/hexrov_description/share/hexrov_description/hook/cmake_prefix_path.dsv'
[0.976s] INFO:colcon.colcon_core.shell:Creating environment hook '/home/giri/hexrov/install/hexrov_description/share/hexrov_description/hook/cmake_prefix_path.sh'
[0.977s] Level 1:colcon.colcon_core.environment:checking '/home/giri/hexrov/install/hexrov_description/bin'
[0.977s] Level 1:colcon.colcon_core.environment:checking '/home/giri/hexrov/install/hexrov_description/lib/pkgconfig/hexrov_description.pc'
[0.977s] Level 1:colcon.colcon_core.environment:checking '/home/giri/hexrov/install/hexrov_description/lib/python3.10/site-packages'
[0.977s] Level 1:colcon.colcon_core.environment:checking '/home/giri/hexrov/install/hexrov_description/bin'
[0.978s] INFO:colcon.colcon_core.shell:Creating package script '/home/giri/hexrov/install/hexrov_description/share/hexrov_description/package.ps1'
[0.978s] INFO:colcon.colcon_core.shell:Creating package descriptor '/home/giri/hexrov/install/hexrov_description/share/hexrov_description/package.dsv'
[0.979s] INFO:colcon.colcon_core.shell:Creating package script '/home/giri/hexrov/install/hexrov_description/share/hexrov_description/package.sh'
[0.979s] INFO:colcon.colcon_core.shell:Creating package script '/home/giri/hexrov/install/hexrov_description/share/hexrov_description/package.bash'
[0.980s] INFO:colcon.colcon_core.shell:Creating package script '/home/giri/hexrov/install/hexrov_description/share/hexrov_description/package.zsh'
[0.980s] Level 1:colcon.colcon_core.environment:create_file_with_runtime_dependencies(/home/giri/hexrov/install/hexrov_description/share/colcon-core/packages/hexrov_description)
[0.986s] Level 1:colcon.colcon_core.environment:create_environment_scripts_only(hexrov_bringup)
[0.987s] Level 1:colcon.colcon_core.environment:checking '/home/giri/hexrov/install/hexrov_bringup' for CMake module files
[0.988s] Level 1:colcon.colcon_core.environment:checking '/home/giri/hexrov/install/hexrov_bringup' for CMake config files
[0.988s] Level 1:colcon.colcon_core.shell:create_environment_hook('hexrov_bringup', 'cmake_prefix_path')
[0.989s] INFO:colcon.colcon_core.shell:Creating environment hook '/home/giri/hexrov/install/hexrov_bringup/share/hexrov_bringup/hook/cmake_prefix_path.ps1'
[0.989s] INFO:colcon.colcon_core.shell:Creating environment descriptor '/home/giri/hexrov/install/hexrov_bringup/share/hexrov_bringup/hook/cmake_prefix_path.dsv'
[0.990s] INFO:colcon.colcon_core.shell:Creating environment hook '/home/giri/hexrov/install/hexrov_bringup/share/hexrov_bringup/hook/cmake_prefix_path.sh'
[0.990s] Level 1:colcon.colcon_core.environment:checking '/home/giri/hexrov/install/hexrov_bringup/bin'
[0.990s] Level 1:colcon.colcon_core.environment:checking '/home/giri/hexrov/install/hexrov_bringup/lib/pkgconfig/hexrov_bringup.pc'
[0.991s] Level 1:colcon.colcon_core.environment:checking '/home/giri/hexrov/install/hexrov_bringup/lib/python3.10/site-packages'
[0.991s] Level 1:colcon.colcon_core.environment:checking '/home/giri/hexrov/install/hexrov_bringup/bin'
[0.991s] INFO:colcon.colcon_core.shell:Creating package script '/home/giri/hexrov/install/hexrov_bringup/share/hexrov_bringup/package.ps1'
[0.992s] INFO:colcon.colcon_core.shell:Creating package descriptor '/home/giri/hexrov/install/hexrov_bringup/share/hexrov_bringup/package.dsv'
[0.992s] INFO:colcon.colcon_core.shell:Creating package script '/home/giri/hexrov/install/hexrov_bringup/share/hexrov_bringup/package.sh'
[0.993s] INFO:colcon.colcon_core.shell:Creating package script '/home/giri/hexrov/install/hexrov_bringup/share/hexrov_bringup/package.bash'
[0.993s] INFO:colcon.colcon_core.shell:Creating package script '/home/giri/hexrov/install/hexrov_bringup/share/hexrov_bringup/package.zsh'
[0.993s] Level 1:colcon.colcon_core.environment:create_file_with_runtime_dependencies(/home/giri/hexrov/install/hexrov_bringup/share/colcon-core/packages/hexrov_bringup)
[0.994s] DEBUG:colcon.colcon_parallel_executor.executor.parallel:closing loop
[0.994s] DEBUG:colcon.colcon_parallel_executor.executor.parallel:loop closed
[0.994s] DEBUG:colcon.colcon_parallel_executor.executor.parallel:run_until_complete finished with '0'
[0.994s] DEBUG:colcon.colcon_core.event_reactor:joining thread
[1.002s] INFO:colcon.colcon_core.plugin_system:Skipping extension 'colcon_notification.desktop_notification.terminal_notifier': Not used on non-Darwin systems
[1.002s] INFO:colcon.colcon_core.plugin_system:Skipping extension 'colcon_notification.desktop_notification.win32': Not used on non-Windows systems
[1.003s] INFO:colcon.colcon_notification.desktop_notification:Sending desktop notification using 'notify2'
[1.017s] DEBUG:colcon.colcon_core.event_reactor:joined thread
[1.017s] INFO:colcon.colcon_core.shell:Creating prefix script '/home/giri/hexrov/install/local_setup.ps1'
[1.019s] INFO:colcon.colcon_core.shell:Creating prefix util module '/home/giri/hexrov/install/_local_setup_util_ps1.py'
[1.021s] INFO:colcon.colcon_core.shell:Creating prefix chain script '/home/giri/hexrov/install/setup.ps1'
[1.026s] INFO:colcon.colcon_core.shell:Creating prefix script '/home/giri/hexrov/install/local_setup.sh'
[1.026s] INFO:colcon.colcon_core.shell:Creating prefix util module '/home/giri/hexrov/install/_local_setup_util_sh.py'
[1.027s] INFO:colcon.colcon_core.shell:Creating prefix chain script '/home/giri/hexrov/install/setup.sh'
[1.031s] INFO:colcon.colcon_core.shell:Creating prefix script '/home/giri/hexrov/install/local_setup.bash'
[1.031s] INFO:colcon.colcon_core.shell:Creating prefix chain script '/home/giri/hexrov/install/setup.bash'
[1.035s] INFO:colcon.colcon_core.shell:Creating prefix script '/home/giri/hexrov/install/local_setup.zsh'
[1.036s] INFO:colcon.colcon_core.shell:Creating prefix chain script '/home/giri/hexrov/install/setup.zsh'
