[0.026s] Invoking command in '/home/giri/hexrov/build/hexrov_firmware': CMAKE_PREFIX_PATH=${CMAKE_PREFIX_PATH}:/home/giri/ws_moveit2/install/moveit_configs_utils:/home/giri/ws_moveit2/install/launch_param_builder:/home/giri/ros2_ws/install/trial:/home/giri/ros2_ws/install/my_py_pkg:/opt/ros/humble /usr/bin/cmake --build /home/giri/hexrov/build/hexrov_firmware -- -j12 -l12
[0.127s] Invoked command in '/home/giri/hexrov/build/hexrov_firmware' returned '0': CMAKE_PREFIX_PATH=${CMAKE_PREFIX_PATH}:/home/giri/ws_moveit2/install/moveit_configs_utils:/home/giri/ws_moveit2/install/launch_param_builder:/home/giri/ros2_ws/install/trial:/home/giri/ros2_ws/install/my_py_pkg:/opt/ros/humble /usr/bin/cmake --build /home/giri/hexrov/build/hexrov_firmware -- -j12 -l12
[0.225s] Invoking command in '/home/giri/hexrov/build/hexrov_firmware': CMAKE_PREFIX_PATH=${CMAKE_PREFIX_PATH}:/home/giri/ws_moveit2/install/moveit_configs_utils:/home/giri/ws_moveit2/install/launch_param_builder:/home/giri/ros2_ws/install/trial:/home/giri/ros2_ws/install/my_py_pkg:/opt/ros/humble /usr/bin/cmake --install /home/giri/hexrov/build/hexrov_firmware
[0.245s] -- Install configuration: ""
[0.245s] -- Up-to-date: /home/giri/hexrov/install/hexrov_firmware/share/ament_index/resource_index/package_run_dependencies/hexrov_firmware
[0.245s] -- Up-to-date: /home/giri/hexrov/install/hexrov_firmware/share/ament_index/resource_index/parent_prefix_path/hexrov_firmware
[0.245s] -- Up-to-date: /home/giri/hexrov/install/hexrov_firmware/share/hexrov_firmware/environment/ament_prefix_path.sh
[0.245s] -- Up-to-date: /home/giri/hexrov/install/hexrov_firmware/share/hexrov_firmware/environment/ament_prefix_path.dsv
[0.245s] -- Up-to-date: /home/giri/hexrov/install/hexrov_firmware/share/hexrov_firmware/environment/path.sh
[0.246s] -- Up-to-date: /home/giri/hexrov/install/hexrov_firmware/share/hexrov_firmware/environment/path.dsv
[0.246s] -- Up-to-date: /home/giri/hexrov/install/hexrov_firmware/share/hexrov_firmware/local_setup.bash
[0.246s] -- Up-to-date: /home/giri/hexrov/install/hexrov_firmware/share/hexrov_firmware/local_setup.sh
[0.246s] -- Up-to-date: /home/giri/hexrov/install/hexrov_firmware/share/hexrov_firmware/local_setup.zsh
[0.246s] -- Up-to-date: /home/giri/hexrov/install/hexrov_firmware/share/hexrov_firmware/local_setup.dsv
[0.247s] -- Installing: /home/giri/hexrov/install/hexrov_firmware/share/hexrov_firmware/package.dsv
[0.247s] -- Up-to-date: /home/giri/hexrov/install/hexrov_firmware/share/ament_index/resource_index/packages/hexrov_firmware
[0.247s] -- Up-to-date: /home/giri/hexrov/install/hexrov_firmware/share/hexrov_firmware/cmake/hexrov_firmwareConfig.cmake
[0.247s] -- Up-to-date: /home/giri/hexrov/install/hexrov_firmware/share/hexrov_firmware/cmake/hexrov_firmwareConfig-version.cmake
[0.247s] -- Up-to-date: /home/giri/hexrov/install/hexrov_firmware/share/hexrov_firmware/package.xml
[0.265s] Invoked command in '/home/giri/hexrov/build/hexrov_firmware' returned '0': CMAKE_PREFIX_PATH=${CMAKE_PREFIX_PATH}:/home/giri/ws_moveit2/install/moveit_configs_utils:/home/giri/ws_moveit2/install/launch_param_builder:/home/giri/ros2_ws/install/trial:/home/giri/ros2_ws/install/my_py_pkg:/opt/ros/humble /usr/bin/cmake --install /home/giri/hexrov/build/hexrov_firmware
